M_acald_c	M_h_c	1
M_acald_c	M_nadh_c	1
M_acald_c	M_accoa_c	1
M_dhap_c	M_g3p_c	1
M_r5p_c	M_adp_c	1
M_r5p_c	M_akg_c	1
M_r5p_c	M_s7p_c	1
M_r5p_c	M_pi_c	1
M_r5p_c	M_ru5p__D_c	1
M_r5p_c	M_nadp_c	1
M_r5p_c	M_g3p_c	1
M_r5p_c	M_h_c	1
M_r5p_c	M_nadh_c	1
M_r5p_c	M_coa_c	1
M_oaa_c	M_adp_c	2
M_oaa_c	M_akg_c	1
M_oaa_c	M_co2_c	1
M_oaa_c	M_pi_c	1
M_oaa_c	M_nadp_c	1
M_oaa_c	M_h_c	2
M_oaa_c	M_cit_c	1
M_oaa_c	M_nadh_c	1
M_oaa_c	M_pep_c	1
M_oaa_c	M_coa_c	2
M_acon_C_c	M_icit_c	1
M_succ_c	M_succoa_c	1
M_succ_c	M_adp_c	1
M_succ_c	M_succ_e	1
M_succ_c	M_pi_c	1
M_succ_c	M_q8h2_c	1
M_succ_c	M_h_c	1
M_succ_c	M_fum_c	1
M_ru5p__D_c	M_xu5p__D_c	1
M_mal__L_e	M_h_c	1
M_mal__L_e	M_mal__L_c	1
M_g3p_c	M_adp_c	1
M_g3p_c	M_akg_c	1
M_g3p_c	M_13dpg_c	1
M_g3p_c	M_e4p_c	1
M_g3p_c	M_pi_c	1
M_g3p_c	M_nadp_c	1
M_g3p_c	M_h_c	2
M_g3p_c	M_nadh_c	2
M_g3p_c	M_f6p_c	1
M_g3p_c	M_coa_c	1
M_amp_c	M_adp_c	1
M_ac_e	M_ac_c	1
M_ac_e	M_h_c	1
M_fru_e	M_pyr_c	1
M_fru_e	M_f6p_c	1
M_pyr_c	M_adp_c	1
M_pyr_c	M_akg_c	1
M_pyr_c	M_co2_c	1
M_pyr_c	M_pi_c	2
M_pyr_c	M_for_c	1
M_pyr_c	M_nadp_c	1
M_pyr_c	M_amp_c	1
M_pyr_c	M_h_c	2
M_pyr_c	M_nadh_c	2
M_pyr_c	M_pep_c	1
M_pyr_c	M_accoa_c	2
M_pyr_c	M_coa_c	1
M_6pgc_c	M_co2_c	1
M_6pgc_c	M_ru5p__D_c	1
M_6pgc_c	M_nadph_c	1
M_nadph_c	M_adp_c	1
M_nadph_c	M_akg_c	1
M_nadph_c	M_pi_c	1
M_nadph_c	M_nadp_c	3
M_nadph_c	M_h_c	1
M_nadph_c	M_nadh_c	2
M_nadph_c	M_glu__L_c	1
M_nadph_c	M_coa_c	1
M_glu__L_e	M_h_c	1
M_glu__L_e	M_glu__L_c	1
M_e4p_c	M_adp_c	1
M_e4p_c	M_akg_c	1
M_e4p_c	M_pi_c	1
M_e4p_c	M_nadp_c	1
M_e4p_c	M_g3p_c	1
M_e4p_c	M_h_c	1
M_e4p_c	M_nadh_c	1
M_e4p_c	M_f6p_c	1
M_e4p_c	M_coa_c	1
M_co2_c	M_oaa_c	1
M_co2_c	M_pi_c	1
M_co2_c	M_h_c	1
M_q8h2_c	M_h2o_c	1
M_q8h2_c	M_succ_c	1
M_q8h2_c	M_q8_c	2
M_q8h2_c	M_h_e	1
M_cit_c	M_h2o_c	1
M_cit_c	M_acon_C_c	1
M_mal__L_c	M_oaa_c	1
M_mal__L_c	M_co2_c	2
M_mal__L_c	M_h_c	1
M_mal__L_c	M_nadh_c	2
M_mal__L_c	M_pyr_c	2
M_mal__L_c	M_nadph_c	1
M_fdp_c	M_dhap_c	1
M_fdp_c	M_pi_c	1
M_fdp_c	M_g3p_c	1
M_fdp_c	M_f6p_c	1
M_f6p_c	M_adp_c	2
M_f6p_c	M_akg_c	1
M_f6p_c	M_pi_c	1
M_f6p_c	M_nadp_c	1
M_f6p_c	M_h_c	2
M_f6p_c	M_nadh_c	1
M_f6p_c	M_fdp_c	1
M_f6p_c	M_coa_c	1
M_h2o_c	M_oaa_c	1
M_h2o_c	M_pi_c	6
M_h2o_c	M_nh4_c	2
M_h2o_c	M_amp_c	1
M_h2o_c	M_h_c	9
M_h2o_c	M_gln__L_c	1
M_h2o_c	M_nadh_c	1
M_h2o_c	M_glu__L_c	1
M_h2o_c	M_nadph_c	1
M_h2o_c	M_6pgc_c	1
M_h2o_c	M_adp_c	3
M_h2o_c	M_akg_c	2
M_h2o_c	M_nadp_c	1
M_h2o_c	M_icit_c	1
M_h2o_c	M_cit_c	1
M_h2o_c	M_pep_c	1
M_h2o_c	M_f6p_c	1
M_h2o_c	M_mal__L_c	2
M_h2o_c	M_coa_c	3
M_nh4_e	M_nh4_c	1
M_gln__L_e	M_adp_c	1
M_gln__L_e	M_pi_c	1
M_gln__L_e	M_h_c	1
M_gln__L_e	M_gln__L_c	1
M_pi_c	M_13dpg_c	1
M_pi_c	M_h2o_c	1
M_pi_c	M_atp_c	1
M_pi_c	M_actp_c	1
M_pi_c	M_h_c	2
M_pi_c	M_nadh_c	1
M_pi_c	M_coa_c	1
M_h_c	M_h2o_c	1
M_h_c	M_atp_c	1
M_h_c	M_nadp_c	1
M_h_c	M_q8h2_c	1
M_h_c	M_pyr_c	1
M_h_c	M_q8_c	1
M_h_c	M_glu__L_c	1
M_h_c	M_nad_c	1
M_h_c	M_h_e	2
M_nadh_c	M_q8h2_c	1
M_nadh_c	M_h_c	1
M_nadh_c	M_nad_c	2
M_nadh_c	M_nadph_c	1
M_nadh_c	M_h_e	1
M_nad_c	M_succoa_c	1
M_nad_c	M_13dpg_c	1
M_nad_c	M_acald_c	1
M_nad_c	M_oaa_c	1
M_nad_c	M_pi_c	1
M_nad_c	M_h_c	6
M_nad_c	M_nadh_c	10
M_nad_c	M_pyr_c	2
M_nad_c	M_adp_c	1
M_nad_c	M_akg_c	1
M_nad_c	M_co2_c	3
M_nad_c	M_nadp_c	2
M_nad_c	M_accoa_c	2
M_nad_c	M_coa_c	1
M_adp_c	M_h2o_c	1
M_adp_c	M_atp_c	2
M_adp_c	M_h_c	1
M_adp_c	M_pyr_c	1
M_akg_c	M_succoa_c	1
M_akg_c	M_co2_c	1
M_akg_c	M_nadp_c	1
M_akg_c	M_nadh_c	1
M_akg_c	M_glu__L_c	1
M_pi_e	M_pi_c	1
M_pi_e	M_h_c	1
M_atp_c	M_succoa_c	1
M_atp_c	M_13dpg_c	1
M_atp_c	M_pi_c	6
M_atp_c	M_amp_c	1
M_atp_c	M_h_c	6
M_atp_c	M_gln__L_c	2
M_atp_c	M_nadh_c	1
M_atp_c	M_adp_c	10
M_atp_c	M_akg_c	1
M_atp_c	M_co2_c	1
M_atp_c	M_nadp_c	1
M_atp_c	M_actp_c	1
M_atp_c	M_pep_c	2
M_atp_c	M_fdp_c	1
M_atp_c	M_coa_c	1
M_nadp_c	M_akg_c	2
M_nadp_c	M_co2_c	3
M_nadp_c	M_6pgl_c	1
M_nadp_c	M_ru5p__D_c	1
M_nadp_c	M_nh4_c	1
M_nadp_c	M_h_c	3
M_nadp_c	M_pyr_c	1
M_nadp_c	M_nad_c	1
M_nadp_c	M_nadph_c	6
M_icit_c	M_akg_c	1
M_icit_c	M_glx_c	1
M_icit_c	M_co2_c	1
M_icit_c	M_succ_c	1
M_icit_c	M_nadph_c	1
M_q8_c	M_q8h2_c	2
M_q8_c	M_nad_c	1
M_q8_c	M_h_e	1
M_q8_c	M_fum_c	1
M_pyr_e	M_h_c	1
M_pyr_e	M_pyr_c	1
M_3pg_c	M_adp_c	2
M_3pg_c	M_akg_c	1
M_3pg_c	M_13dpg_c	1
M_3pg_c	M_pi_c	1
M_3pg_c	M_nadp_c	1
M_3pg_c	M_h_c	1
M_3pg_c	M_nadh_c	1
M_3pg_c	M_coa_c	1
M_ac_c	M_adp_c	1
M_ac_c	M_actp_c	1
M_gln__L_c	M_adp_c	1
M_gln__L_c	M_akg_c	1
M_gln__L_c	M_pi_c	1
M_gln__L_c	M_nadp_c	2
M_gln__L_c	M_nh4_c	1
M_gln__L_c	M_h_c	1
M_gln__L_c	M_nadh_c	1
M_gln__L_c	M_glu__L_c	2
M_gln__L_c	M_coa_c	1
M_glu__L_c	M_adp_c	2
M_glu__L_c	M_akg_c	2
M_glu__L_c	M_pi_c	2
M_glu__L_c	M_nadp_c	1
M_glu__L_c	M_nh4_c	1
M_glu__L_c	M_h_c	3
M_glu__L_c	M_gln__L_c	1
M_glu__L_c	M_nadh_c	1
M_glu__L_c	M_nadph_c	1
M_glu__L_c	M_coa_c	1
M_xu5p__D_c	M_s7p_c	1
M_xu5p__D_c	M_g3p_c	2
M_xu5p__D_c	M_f6p_c	1
M_glx_c	M_h_c	1
M_glx_c	M_mal__L_c	1
M_glx_c	M_coa_c	1
M_o2_e	M_o2_c	1
M_2pg_c	M_h2o_c	1
M_2pg_c	M_3pg_c	1
M_2pg_c	M_pep_c	1
M_akg_e	M_akg_c	1
M_akg_e	M_h_c	1
M_co2_e	M_co2_c	1
M_glc__D_e	M_pyr_c	1
M_glc__D_e	M_g6p_c	1
M_o2_c	M_h2o_c	1
M_o2_c	M_q8_c	1
M_o2_c	M_h_e	1
M_fum_c	M_succ_c	1
M_fum_c	M_q8_c	1
M_fum_c	M_mal__L_c	1
M_h_e	M_succ_e	1
M_h_e	M_h2o_c	1
M_h_e	M_pi_c	1
M_h_e	M_succ_c	1
M_h_e	M_ac_c	1
M_h_e	M_h_c	14
M_h_e	M_pyr_c	1
M_h_e	M_glu__L_c	1
M_h_e	M_nad_c	1
M_h_e	M_nadph_c	1
M_h_e	M_akg_c	1
M_h_e	M_atp_c	1
M_h_e	M_for_c	1
M_h_e	M_lac__D_c	1
M_h_e	M_etoh_c	1
M_h_e	M_mal__L_c	1
M_h_e	M_fum_c	1
M_s7p_c	M_e4p_c	1
M_s7p_c	M_f6p_c	1
M_succ_e	M_succ_c	1
M_succ_e	M_h_c	1
M_h2o_e	M_h2o_c	1
M_6pgl_c	M_h_c	1
M_6pgl_c	M_6pgc_c	1
M_lac__D_e	M_h_c	1
M_lac__D_e	M_lac__D_c	1
M_nh4_c	M_adp_c	1
M_nh4_c	M_pi_c	1
M_nh4_c	M_h_c	1
M_nh4_c	M_gln__L_c	1
M_fum_e	M_h_c	1
M_fum_e	M_fum_c	1
M_acald_e	M_acald_c	1
M_for_c	M_for_e	1
M_etoh_e	M_h_c	1
M_etoh_e	M_etoh_c	1
M_for_e	M_for_c	1
M_for_e	M_h_c	1
M_lac__D_c	M_h_c	1
M_lac__D_c	M_nadh_c	1
M_lac__D_c	M_pyr_c	1
M_pep_c	M_adp_c	1
M_pep_c	M_akg_c	1
M_pep_c	M_oaa_c	1
M_pep_c	M_pi_c	2
M_pep_c	M_atp_c	1
M_pep_c	M_nadp_c	1
M_pep_c	M_h_c	2
M_pep_c	M_nadh_c	1
M_pep_c	M_pyr_c	3
M_pep_c	M_g6p_c	1
M_pep_c	M_f6p_c	1
M_pep_c	M_coa_c	1
M_g6p_c	M_adp_c	1
M_g6p_c	M_akg_c	1
M_g6p_c	M_pi_c	1
M_g6p_c	M_6pgl_c	1
M_g6p_c	M_nadp_c	1
M_g6p_c	M_h_c	2
M_g6p_c	M_nadh_c	1
M_g6p_c	M_nadph_c	1
M_g6p_c	M_f6p_c	1
M_g6p_c	M_coa_c	1
M_etoh_c	M_acald_c	1
M_etoh_c	M_h_c	1
M_etoh_c	M_nadh_c	1
M_accoa_c	M_adp_c	1
M_accoa_c	M_akg_c	1
M_accoa_c	M_pi_c	1
M_accoa_c	M_nadp_c	1
M_accoa_c	M_actp_c	1
M_accoa_c	M_h_c	3
M_accoa_c	M_cit_c	1
M_accoa_c	M_nadh_c	1
M_accoa_c	M_mal__L_c	1
M_accoa_c	M_coa_c	4
M_coa_c	M_succoa_c	2
M_coa_c	M_adp_c	1
M_coa_c	M_co2_c	2
M_coa_c	M_pi_c	1
M_coa_c	M_for_c	1
M_coa_c	M_h_c	1
M_coa_c	M_nadh_c	3
M_coa_c	M_accoa_c	3
